<?xml version="1.0" encoding="UTF-8"?>
<testsuite xmlns:xsi="http://www.w3.org/2001/XMLSchema-instance" xsi:noNamespaceSchemaLocation="https://maven.apache.org/surefire/maven-surefire-plugin/xsd/surefire-test-report.xsd" name="org.one2Team.AppTest" time="22.173" tests="2" errors="0" skipped="0" failures="0">
  <properties>
    <property name="java.specification.version" value="14"/>
    <property name="sun.jnu.encoding" value="UTF-8"/>
    <property name="java.class.path" value="/Users/zemac/Documents/Projets/workspace/one2Team/target/test-classes:/Users/zemac/Documents/Projets/workspace/one2Team/target/classes:/Users/zemac/.m2/repository/junit/junit/4.11/junit-4.11.jar:/Users/zemac/.m2/repository/org/hamcrest/hamcrest-core/1.3/hamcrest-core-1.3.jar:/Users/zemac/.m2/repository/io/cucumber/cucumber-java/6.1.2/cucumber-java-6.1.2.jar:/Users/zemac/.m2/repository/io/cucumber/cucumber-core/6.1.2/cucumber-core-6.1.2.jar:/Users/zemac/.m2/repository/io/cucumber/cucumber-gherkin/6.1.2/cucumber-gherkin-6.1.2.jar:/Users/zemac/.m2/repository/io/cucumber/cucumber-gherkin-messages/6.1.2/cucumber-gherkin-messages-6.1.2.jar:/Users/zemac/.m2/repository/io/cucumber/messages/12.1.1/messages-12.1.1.jar:/Users/zemac/.m2/repository/io/cucumber/tag-expressions/3.0.0/tag-expressions-3.0.0.jar:/Users/zemac/.m2/repository/io/cucumber/cucumber-expressions/10.2.1/cucumber-expressions-10.2.1.jar:/Users/zemac/.m2/repository/io/cucumber/datatable/3.3.1/datatable-3.3.1.jar:/Users/zemac/.m2/repository/io/cucumber/cucumber-plugin/6.1.2/cucumber-plugin-6.1.2.jar:/Users/zemac/.m2/repository/io/cucumber/docstring/6.1.2/docstring-6.1.2.jar:/Users/zemac/.m2/repository/io/cucumber/html-formatter/6.0.3/html-formatter-6.0.3.jar:/Users/zemac/.m2/repository/org/apiguardian/apiguardian-api/1.1.0/apiguardian-api-1.1.0.jar:/Users/zemac/.m2/repository/io/cucumber/cucumber-junit/6.1.2/cucumber-junit-6.1.2.jar:/Users/zemac/.m2/repository/org/seleniumhq/selenium/selenium-api/3.141.59/selenium-api-3.141.59.jar:/Users/zemac/.m2/repository/org/seleniumhq/selenium/selenium-chrome-driver/3.141.59/selenium-chrome-driver-3.141.59.jar:/Users/zemac/.m2/repository/org/seleniumhq/selenium/selenium-remote-driver/3.141.59/selenium-remote-driver-3.141.59.jar:/Users/zemac/.m2/repository/net/bytebuddy/byte-buddy/1.8.15/byte-buddy-1.8.15.jar:/Users/zemac/.m2/repository/org/apache/commons/commons-exec/1.3/commons-exec-1.3.jar:/Users/zemac/.m2/repository/com/google/guava/guava/25.0-jre/guava-25.0-jre.jar:/Users/zemac/.m2/repository/com/google/code/findbugs/jsr305/1.3.9/jsr305-1.3.9.jar:/Users/zemac/.m2/repository/org/checkerframework/checker-compat-qual/2.0.0/checker-compat-qual-2.0.0.jar:/Users/zemac/.m2/repository/com/google/errorprone/error_prone_annotations/2.1.3/error_prone_annotations-2.1.3.jar:/Users/zemac/.m2/repository/com/google/j2objc/j2objc-annotations/1.1/j2objc-annotations-1.1.jar:/Users/zemac/.m2/repository/org/codehaus/mojo/animal-sniffer-annotations/1.14/animal-sniffer-annotations-1.14.jar:/Users/zemac/.m2/repository/com/squareup/okhttp3/okhttp/3.11.0/okhttp-3.11.0.jar:/Users/zemac/.m2/repository/com/squareup/okio/okio/1.14.0/okio-1.14.0.jar:/Users/zemac/.m2/repository/org/seleniumhq/selenium/selenium-support/3.141.59/selenium-support-3.141.59.jar:"/>
    <property name="java.vm.vendor" value="Oracle Corporation"/>
    <property name="sun.arch.data.model" value="64"/>
    <property name="java.vendor.url" value="https://java.oracle.com/"/>
    <property name="os.name" value="Mac OS X"/>
    <property name="java.vm.specification.version" value="14"/>
    <property name="sun.java.launcher" value="SUN_STANDARD"/>
    <property name="user.country" value="FR"/>
    <property name="sun.boot.library.path" value="/Users/zemac/Library/Java/JavaVirtualMachines/openjdk-14.0.1/Contents/Home/lib"/>
    <property name="sun.java.command" value="/Users/zemac/Documents/Projets/workspace/one2Team/target/surefire/surefirebooter9153649417729762495.jar /Users/zemac/Documents/Projets/workspace/one2Team/target/surefire 2020-07-07T16-20-32_830-jvmRun1 surefire10032664883069692121tmp surefire_013712336949307462879tmp"/>
    <property name="http.nonProxyHosts" value="local|*.local|169.254/16|*.169.254/16"/>
    <property name="jdk.debug" value="release"/>
    <property name="surefire.test.class.path" value="/Users/zemac/Documents/Projets/workspace/one2Team/target/test-classes:/Users/zemac/Documents/Projets/workspace/one2Team/target/classes:/Users/zemac/.m2/repository/junit/junit/4.11/junit-4.11.jar:/Users/zemac/.m2/repository/org/hamcrest/hamcrest-core/1.3/hamcrest-core-1.3.jar:/Users/zemac/.m2/repository/io/cucumber/cucumber-java/6.1.2/cucumber-java-6.1.2.jar:/Users/zemac/.m2/repository/io/cucumber/cucumber-core/6.1.2/cucumber-core-6.1.2.jar:/Users/zemac/.m2/repository/io/cucumber/cucumber-gherkin/6.1.2/cucumber-gherkin-6.1.2.jar:/Users/zemac/.m2/repository/io/cucumber/cucumber-gherkin-messages/6.1.2/cucumber-gherkin-messages-6.1.2.jar:/Users/zemac/.m2/repository/io/cucumber/messages/12.1.1/messages-12.1.1.jar:/Users/zemac/.m2/repository/io/cucumber/tag-expressions/3.0.0/tag-expressions-3.0.0.jar:/Users/zemac/.m2/repository/io/cucumber/cucumber-expressions/10.2.1/cucumber-expressions-10.2.1.jar:/Users/zemac/.m2/repository/io/cucumber/datatable/3.3.1/datatable-3.3.1.jar:/Users/zemac/.m2/repository/io/cucumber/cucumber-plugin/6.1.2/cucumber-plugin-6.1.2.jar:/Users/zemac/.m2/repository/io/cucumber/docstring/6.1.2/docstring-6.1.2.jar:/Users/zemac/.m2/repository/io/cucumber/html-formatter/6.0.3/html-formatter-6.0.3.jar:/Users/zemac/.m2/repository/org/apiguardian/apiguardian-api/1.1.0/apiguardian-api-1.1.0.jar:/Users/zemac/.m2/repository/io/cucumber/cucumber-junit/6.1.2/cucumber-junit-6.1.2.jar:/Users/zemac/.m2/repository/org/seleniumhq/selenium/selenium-api/3.141.59/selenium-api-3.141.59.jar:/Users/zemac/.m2/repository/org/seleniumhq/selenium/selenium-chrome-driver/3.141.59/selenium-chrome-driver-3.141.59.jar:/Users/zemac/.m2/repository/org/seleniumhq/selenium/selenium-remote-driver/3.141.59/selenium-remote-driver-3.141.59.jar:/Users/zemac/.m2/repository/net/bytebuddy/byte-buddy/1.8.15/byte-buddy-1.8.15.jar:/Users/zemac/.m2/repository/org/apache/commons/commons-exec/1.3/commons-exec-1.3.jar:/Users/zemac/.m2/repository/com/google/guava/guava/25.0-jre/guava-25.0-jre.jar:/Users/zemac/.m2/repository/com/google/code/findbugs/jsr305/1.3.9/jsr305-1.3.9.jar:/Users/zemac/.m2/repository/org/checkerframework/checker-compat-qual/2.0.0/checker-compat-qual-2.0.0.jar:/Users/zemac/.m2/repository/com/google/errorprone/error_prone_annotations/2.1.3/error_prone_annotations-2.1.3.jar:/Users/zemac/.m2/repository/com/google/j2objc/j2objc-annotations/1.1/j2objc-annotations-1.1.jar:/Users/zemac/.m2/repository/org/codehaus/mojo/animal-sniffer-annotations/1.14/animal-sniffer-annotations-1.14.jar:/Users/zemac/.m2/repository/com/squareup/okhttp3/okhttp/3.11.0/okhttp-3.11.0.jar:/Users/zemac/.m2/repository/com/squareup/okio/okio/1.14.0/okio-1.14.0.jar:/Users/zemac/.m2/repository/org/seleniumhq/selenium/selenium-support/3.141.59/selenium-support-3.141.59.jar:"/>
    <property name="sun.cpu.endian" value="little"/>
    <property name="user.home" value="/Users/zemac"/>
    <property name="user.language" value="en"/>
    <property name="java.specification.vendor" value="Oracle Corporation"/>
    <property name="java.version.date" value="2020-04-14"/>
    <property name="java.home" value="/Users/zemac/Library/Java/JavaVirtualMachines/openjdk-14.0.1/Contents/Home"/>
    <property name="file.separator" value="/"/>
    <property name="basedir" value="/Users/zemac/Documents/Projets/workspace/one2Team"/>
    <property name="java.vm.compressedOopsMode" value="Zero based"/>
    <property name="line.separator" value="&#10;"/>
    <property name="java.specification.name" value="Java Platform API Specification"/>
    <property name="java.vm.specification.vendor" value="Oracle Corporation"/>
    <property name="surefire.real.class.path" value="/Users/zemac/Documents/Projets/workspace/one2Team/target/surefire/surefirebooter9153649417729762495.jar"/>
    <property name="sun.management.compiler" value="HotSpot 64-Bit Tiered Compilers"/>
    <property name="ftp.nonProxyHosts" value="local|*.local|169.254/16|*.169.254/16"/>
    <property name="java.runtime.version" value="14.0.1+7"/>
    <property name="user.name" value="zemac"/>
    <property name="path.separator" value=":"/>
    <property name="os.version" value="10.12.6"/>
    <property name="java.runtime.name" value="OpenJDK Runtime Environment"/>
    <property name="file.encoding" value="UTF-8"/>
    <property name="java.vm.name" value="OpenJDK 64-Bit Server VM"/>
    <property name="localRepository" value="/Users/zemac/.m2/repository"/>
    <property name="java.vendor.url.bug" value="https://bugreport.java.com/bugreport/"/>
    <property name="java.io.tmpdir" value="/var/folders/1d/fffcshvx0q179ckb5ws5qjx80000gn/T/"/>
    <property name="java.version" value="14.0.1"/>
    <property name="user.dir" value="/Users/zemac/Documents/Projets/workspace/one2Team"/>
    <property name="os.arch" value="x86_64"/>
    <property name="java.vm.specification.name" value="Java Virtual Machine Specification"/>
    <property name="java.library.path" value="/Users/zemac/Library/Java/Extensions:/Library/Java/Extensions:/Network/Library/Java/Extensions:/System/Library/Java/Extensions:/usr/lib/java:."/>
    <property name="java.vm.info" value="mixed mode, sharing"/>
    <property name="java.vendor" value="Oracle Corporation"/>
    <property name="java.vm.version" value="14.0.1+7"/>
    <property name="sun.io.unicode.encoding" value="UnicodeBig"/>
    <property name="socksNonProxyHosts" value="local|*.local|169.254/16|*.169.254/16"/>
    <property name="java.class.version" value="58.0"/>
  </properties>
  <testcase name="dropdown" classname="Dropdown" time="12.542"/>
  <testcase name="dropdown" classname="Dropdown" time="7.534"/>
</testsuite>